================================================================================
HPLinpack 2.3  --  High-Performance Linpack benchmark  --   December 2, 2018
Written by A. Petitet and R. Clint Whaley,  Innovative Computing Laboratory, UTK
Modified by Piotr Luszczek, Innovative Computing Laboratory, UTK
Modified by Julien Langou, University of Colorado Denver
================================================================================

An explanation of the input/output parameters follows:
T/V    : Wall time / encoded variant.
N      : The order of the coefficient matrix A.
NB     : The partitioning blocking factor.
P      : The number of process rows.
Q      : The number of process columns.
Time   : Time in seconds to solve the linear system.
Gflops : Rate of execution for solving the linear system.

The following parameter values will be used:

N      :       4 
NB     :       1 
PMAP   : Row-major process mapping
P      :       1 
Q      :       1 
PFACT  :    Left    Crout    Right 
NBMIN  :       2        4 
NDIV   :       2 
RFACT  :    Left    Crout    Right 
BCAST  :   1ring 
DEPTH  :       0 
SWAP   : Mix (threshold = 64)
L1     : transposed form
U      : transposed form
EQUIL  : yes
ALIGN  : 8 double precision words

--------------------------------------------------------------------------------

- The matrix A is randomly generated for each test.
- The following scaled residual check will be computed:
      ||Ax-b||_oo / ( eps * ( || x ||_oo * || A ||_oo + || b ||_oo ) * N )
- The relative machine precision (eps) is taken to be               1.110223e-16
- Computational tests pass if scaled residuals are less than                16.0

================================================================================
T/V                N    NB     P     Q               Time                 Gflops
--------------------------------------------------------------------------------
WR00L2L2           4     1     1     1               0.00             6.6483e-04
HPL_pdgesv() start time Mon Apr  6 02:39:08 2026

HPL_pdgesv() end time   Mon Apr  6 02:39:08 2026

--------------------------------------------------------------------------------
||Ax-b||_oo/(eps*(||A||_oo*||x||_oo+||b||_oo)*N)=   6.83402049e-02 ...... PASSED
================================================================================
T/V                N    NB     P     Q               Time                 Gflops
--------------------------------------------------------------------------------
WR00L2L4           4     1     1     1               0.00             7.6269e-03
HPL_pdgesv() start time Mon Apr  6 02:39:08 2026

HPL_pdgesv() end time   Mon Apr  6 02:39:08 2026

--------------------------------------------------------------------------------
||Ax-b||_oo/(eps*(||A||_oo*||x||_oo+||b||_oo)*N)=   6.83402049e-02 ...... PASSED
================================================================================
T/V                N    NB     P     Q               Time                 Gflops
--------------------------------------------------------------------------------
WR00L2C2           4     1     1     1               0.00             8.7009e-03
HPL_pdgesv() start time Mon Apr  6 02:39:08 2026

HPL_pdgesv() end time   Mon Apr  6 02:39:08 2026

--------------------------------------------------------------------------------
||Ax-b||_oo/(eps*(||A||_oo*||x||_oo+||b||_oo)*N)=   6.83402049e-02 ...... PASSED
================================================================================
T/V                N    NB     P     Q               Time                 Gflops
--------------------------------------------------------------------------------
WR00L2C4           4     1     1     1               0.00             1.0320e-02
HPL_pdgesv() start time Mon Apr  6 02:39:08 2026

HPL_pdgesv() end time   Mon Apr  6 02:39:08 2026

--------------------------------------------------------------------------------
||Ax-b||_oo/(eps*(||A||_oo*||x||_oo+||b||_oo)*N)=   6.83402049e-02 ...... PASSED
================================================================================
T/V                N    NB     P     Q               Time                 Gflops
--------------------------------------------------------------------------------
WR00L2R2           4     1     1     1               0.00             8.9401e-03
HPL_pdgesv() start time Mon Apr  6 02:39:08 2026

HPL_pdgesv() end time   Mon Apr  6 02:39:08 2026

--------------------------------------------------------------------------------
||Ax-b||_oo/(eps*(||A||_oo*||x||_oo+||b||_oo)*N)=   6.83402049e-02 ...... PASSED
================================================================================
T/V                N    NB     P     Q               Time                 Gflops
--------------------------------------------------------------------------------
WR00L2R4           4     1     1     1               0.00             9.5470e-03
HPL_pdgesv() start time Mon Apr  6 02:39:08 2026

HPL_pdgesv() end time   Mon Apr  6 02:39:08 2026

--------------------------------------------------------------------------------
||Ax-b||_oo/(eps*(||A||_oo*||x||_oo+||b||_oo)*N)=   6.83402049e-02 ...... PASSED
================================================================================
T/V                N    NB     P     Q               Time                 Gflops
--------------------------------------------------------------------------------
WR00C2L2           4     1     1     1               0.00             9.8707e-03
HPL_pdgesv() start time Mon Apr  6 02:39:08 2026

HPL_pdgesv() end time   Mon Apr  6 02:39:08 2026

--------------------------------------------------------------------------------
||Ax-b||_oo/(eps*(||A||_oo*||x||_oo+||b||_oo)*N)=   6.83402049e-02 ...... PASSED
================================================================================
T/V                N    NB     P     Q               Time                 Gflops
--------------------------------------------------------------------------------
WR00C2L4           4     1     1     1               0.00             1.0479e-02
HPL_pdgesv() start time Mon Apr  6 02:39:08 2026

HPL_pdgesv() end time   Mon Apr  6 02:39:08 2026

--------------------------------------------------------------------------------
||Ax-b||_oo/(eps*(||A||_oo*||x||_oo+||b||_oo)*N)=   6.83402049e-02 ...... PASSED
================================================================================
T/V                N    NB     P     Q               Time                 Gflops
--------------------------------------------------------------------------------
WR00C2C2           4     1     1     1               0.00             1.0370e-02
HPL_pdgesv() start time Mon Apr  6 02:39:08 2026

HPL_pdgesv() end time   Mon Apr  6 02:39:08 2026

--------------------------------------------------------------------------------
||Ax-b||_oo/(eps*(||A||_oo*||x||_oo+||b||_oo)*N)=   6.83402049e-02 ...... PASSED
================================================================================
T/V                N    NB     P     Q               Time                 Gflops
--------------------------------------------------------------------------------
WR00C2C4           4     1     1     1               0.00             8.5547e-03
HPL_pdgesv() start time Mon Apr  6 02:39:08 2026

HPL_pdgesv() end time   Mon Apr  6 02:39:08 2026

--------------------------------------------------------------------------------
||Ax-b||_oo/(eps*(||A||_oo*||x||_oo+||b||_oo)*N)=   6.83402049e-02 ...... PASSED
================================================================================
T/V                N    NB     P     Q               Time                 Gflops
--------------------------------------------------------------------------------
WR00C2R2           4     1     1     1               0.00             1.0012e-02
HPL_pdgesv() start time Mon Apr  6 02:39:08 2026

HPL_pdgesv() end time   Mon Apr  6 02:39:08 2026

--------------------------------------------------------------------------------
||Ax-b||_oo/(eps*(||A||_oo*||x||_oo+||b||_oo)*N)=   6.83402049e-02 ...... PASSED
================================================================================
T/V                N    NB     P     Q               Time                 Gflops
--------------------------------------------------------------------------------
WR00C2R4           4     1     1     1               0.00             7.9252e-03
HPL_pdgesv() start time Mon Apr  6 02:39:08 2026

HPL_pdgesv() end time   Mon Apr  6 02:39:08 2026

--------------------------------------------------------------------------------
||Ax-b||_oo/(eps*(||A||_oo*||x||_oo+||b||_oo)*N)=   6.83402049e-02 ...... PASSED
================================================================================
T/V                N    NB     P     Q               Time                 Gflops
--------------------------------------------------------------------------------
WR00R2L2           4     1     1     1               0.00             9.1199e-03
HPL_pdgesv() start time Mon Apr  6 02:39:08 2026

HPL_pdgesv() end time   Mon Apr  6 02:39:08 2026

--------------------------------------------------------------------------------
||Ax-b||_oo/(eps*(||A||_oo*||x||_oo+||b||_oo)*N)=   6.83402049e-02 ...... PASSED
================================================================================
T/V                N    NB     P     Q               Time                 Gflops
--------------------------------------------------------------------------------
WR00R2L4           4     1     1     1               0.00             1.0386e-02
HPL_pdgesv() start time Mon Apr  6 02:39:08 2026

HPL_pdgesv() end time   Mon Apr  6 02:39:08 2026

--------------------------------------------------------------------------------
||Ax-b||_oo/(eps*(||A||_oo*||x||_oo+||b||_oo)*N)=   6.83402049e-02 ...... PASSED
================================================================================
T/V                N    NB     P     Q               Time                 Gflops
--------------------------------------------------------------------------------
WR00R2C2           4     1     1     1               0.00             1.0244e-02
HPL_pdgesv() start time Mon Apr  6 02:39:08 2026

HPL_pdgesv() end time   Mon Apr  6 02:39:08 2026

--------------------------------------------------------------------------------
||Ax-b||_oo/(eps*(||A||_oo*||x||_oo+||b||_oo)*N)=   6.83402049e-02 ...... PASSED
================================================================================
T/V                N    NB     P     Q               Time                 Gflops
--------------------------------------------------------------------------------
WR00R2C4           4     1     1     1               0.00             1.0510e-02
HPL_pdgesv() start time Mon Apr  6 02:39:08 2026

HPL_pdgesv() end time   Mon Apr  6 02:39:08 2026

--------------------------------------------------------------------------------
||Ax-b||_oo/(eps*(||A||_oo*||x||_oo+||b||_oo)*N)=   6.83402049e-02 ...... PASSED
================================================================================
T/V                N    NB     P     Q               Time                 Gflops
--------------------------------------------------------------------------------
WR00R2R2           4     1     1     1               0.00             1.0409e-02
HPL_pdgesv() start time Mon Apr  6 02:39:08 2026

HPL_pdgesv() end time   Mon Apr  6 02:39:08 2026

--------------------------------------------------------------------------------
||Ax-b||_oo/(eps*(||A||_oo*||x||_oo+||b||_oo)*N)=   6.83402049e-02 ...... PASSED
================================================================================
T/V                N    NB     P     Q               Time                 Gflops
--------------------------------------------------------------------------------
WR00R2R4           4     1     1     1               0.00             1.0604e-02
HPL_pdgesv() start time Mon Apr  6 02:39:08 2026

HPL_pdgesv() end time   Mon Apr  6 02:39:08 2026

--------------------------------------------------------------------------------
||Ax-b||_oo/(eps*(||A||_oo*||x||_oo+||b||_oo)*N)=   6.83402049e-02 ...... PASSED
================================================================================

Finished     18 tests with the following results:
             18 tests completed and passed residual checks,
              0 tests completed and failed residual checks,
              0 tests skipped because of illegal input values.
--------------------------------------------------------------------------------

End of Tests.
================================================================================
